Arguments: 
  C:\Program Files\nodejs\node.exe C:\Program Files (x86)\Yarn\bin\yarn.js

PATH: 
  C:\Users\Yasir\bin;C:\Program Files\Git\mingw64\bin;C:\Program Files\Git\usr\local\bin;C:\Program Files\Git\usr\bin;C:\Program Files\Git\usr\bin;C:\Program Files\Git\mingw64\bin;C:\Program Files\Git\usr\bin;C:\Users\Yasir\bin;C:\Program Files (x86)\Common Files\Intel\Shared Libraries\redist\intel64\compiler;C:\Program Files (x86)\Intel\iCLS Client;C:\Program Files\Intel\iCLS Client;C:\WINDOWS\system32;C:\WINDOWS;C:\WINDOWS\System32\Wbem;C:\WINDOWS\System32\WindowsPowerShell\v1.0;C:\Program Files (x86)\ATI Technologies\ATI.ACE\Core-Static;C:\Program Files (x86)\Intel\Intel(R) Management Engine Components\DAL;C:\Program Files\Intel\Intel(R) Management Engine Components\DAL;C:\Program Files (x86)\Intel\Intel(R) Management Engine Components\IPT;C:\Program Files\Intel\Intel(R) Management Engine Components\IPT;C:\Program Files\Intel\WiFi\bin;C:\Program Files\Common Files\Intel\WirelessCommon;C:\Program Files\Git\cmd;C:\Program Files\Microsoft VS Code\bin;C:\WINDOWS\System32\OpenSSH;C:\Program Files\nodejs;C:\Program Files (x86)\Yarn\bin;C:\Users\Yasir\AppData\Local\Programs\Python\Python37\Scripts;C:\Users\Yasir\AppData\Local\Programs\Python\Python37;C:\Users\Yasir\AppData\Local\Microsoft\WindowsApps;C:\Program Files\Microsoft VS Code\bin;C:\Program Files\heroku\bin;C:\Android\tools;C:\Android\platform-tools;C:\Users\Yasir\AppData\Roaming\npm;C:\Users\Yasir\AppData\Local\Yarn\bin;C:\Program Files\Git\usr\bin\vendor_perl;C:\Program Files\Git\usr\bin\core_perl

Yarn version: 
  1.22.4

Node version: 
  12.14.0

Platform: 
  win32 x64

Trace: 
  Error: connect ETIMEDOUT 104.16.24.35:443
      at TCPConnectWrap.afterConnect [as oncomplete] (net.js:1129:14)

npm manifest: 
  {
    "name": "confusion",
    "version": "1.0.0",
    "description": "This is a website for Ristorante Con Fusion",
    "main": "index.html",
    "scripts": {
      "start": "npm run lite",
      "test": "echo \"Error: no test specified\" && exit 1",
      "lite": "lite-server"
    },
    "author": "",
    "license": "ISC",
      "devDependencies": {
      "lite-server": "^2.3.0"
    }
  }

yarn manifest: 
  No manifest

Lockfile: 
  No lockfile
